Lyrics: Downloading lyrics for: ARhmdma
7924ikwXZLD9IUCe3r1g87 Timeout ERROR for: Aldebert - Du (très) gros son 
Local song             Timeout ERROR for:  - Lorna Shore
Lyrics: Downloading lyrics for: AR gud
4Gslq4Tibt4fvLS6diK6eT Timeout ERROR for: Apostolica - Sanctus Spiritus
2mYwm27dujQpOTix4apS6d Timeout ERROR for: Apostolica - Thanatos
1TmMzaa3M0Xpj4fli40Hou Timeout ERROR for: Apostolica - Redemption
5ijgpECal7xxj4RHyjjTru Timeout ERROR for: BATNA - Krzycz Kiedy Trzeba
5GsfPHjusSSnAFgeeMo1Xx Timeout ERROR for: Enclose - Novocaine
7yLHmvDsKrm57W1NlouRB5 Timeout ERROR for: Illusion - Kto Jest Winien?
6aFZSbLpqHhmGrNttkngQ9 Timeout ERROR for: Juan Carlos Cano - Hoy
Local song             Timeout ERROR for:  - Warriors Of The World
1W3MwccJb5HWtFgn0Xhd8D Timeout ERROR for: Mystic Prophecy - I'm Still Standing
3u9VyeQJkU3moStwao1PaA Timeout ERROR for: Night Mistress - Children of Fire
4i2jq8sjjbk6rAy5BnSlbw Timeout ERROR for: Night Mistress - Hand of God
4nOjvSoAngK5sa1KWHEbQf Timeout ERROR for: Triglavians - Red Veil
6z0Nspoj5o3VzFdV97X3mH Timeout ERROR for: Northland - When Nature Awakes
6QGCmJzTjXAkSbPb1VfaGp Timeout ERROR for: Sophie Burrell - Tranquility
Lyrics: Downloading lyrics for: Bullshit metal
Lyrics: Downloading lyrics for: Other heavy stuff
63ZsV11DveRTB7ALpEbytk Timeout ERROR for: Neferious - The Cave
29WvvPPpnFKmnuQyTaiwnk Timeout ERROR for: Duskmourn - Deathless
Lyrics: Downloading lyrics for: Rock
Lyrics: Downloading lyrics for: Folk?
2H9RN14uy8knLjsSt2a1hM Timeout ERROR for: Corvus Corax - Wild und frei (die Hexe Runa)
Lyrics: Downloading lyrics for: Folk metal
Lyrics: Downloading lyrics for: Thrash metal
Lyrics: Downloading lyrics for: Sympohonic metal
Lyrics: Downloading lyrics for: NFS soundtrack
Local song             Timeout ERROR for:  - Killradio
Local song             Timeout ERROR for:  - Paul Linford and Chris Vrenna
Lyrics: Downloading lyrics for: Alestorm
Lyrics: Downloading lyrics for: Bad Omens
Lyrics: Downloading lyrics for: Beast in Black
Lyrics: Downloading lyrics for: Beyond the Black
Lyrics: Downloading lyrics for: Brothers of Metal
Lyrics: Downloading lyrics for: Bloodbound
Lyrics: Downloading lyrics for: Bullet for My Valentine
Lyrics: Downloading lyrics for: Dalriada
0nUo1xf7VqTVVWh3n4CnPy Timeout ERROR for: Dalriada - Csillagok dala
4GONK1Loa7hmS6p4Q6Tz8b Timeout ERROR for: Dalriada - A Walesi Bárdok 1 rész
1Fxur8KSnXbspgWte6NVR2 Timeout ERROR for: Dalriada - Áldás
4Ice2fCPonxhVTfGQpM4GI Timeout ERROR for: Dalriada - Napom, Fényes Napom
Lyrics: Downloading lyrics for: Disturbed
Lyrics: Downloading lyrics for: Dope
Lyrics: Downloading lyrics for: Doomrow
6kXVORiM35p9XqQ2gE2Sw7 Timeout ERROR for: Doomrow - Everything I've Lost
1GDpEXWzKoADO2dncGqtNa Timeout ERROR for: Doomrow - The Line of Lie
0yH8KRX1F7P2juIPvZq03u Timeout ERROR for: Doomrow - Pay Off
0Ks6bPBxuqJSsqigqVAWS5 Timeout ERROR for: Doomrow - Sinner You
5C1zwyxr0xm1Cvqamii6oz Timeout ERROR for: Doomrow - Well You Can Blame Yourself
Lyrics: Downloading lyrics for: Equilibrium
Lyrics: Downloading lyrics for: Five Finger Death Punch
Lyrics: Downloading lyrics for: Gamma Ray
6AnO0UFRvvCvGr4gNQst3P Timeout ERROR for: Gamma Ray - Abyss of the Void (Remastered 2017)
Lyrics: Downloading lyrics for: Godsmack
Lyrics: Downloading lyrics for: Iron Maiden
Lyrics: Downloading lyrics for: Kamelot
Lyrics: Downloading lyrics for: Korpiklaani
Lyrics: Downloading lyrics for: Linkin Park
Lyrics: Downloading lyrics for: Leo Moracchioli
7wKajIgqZI5HxTVhowzm6H Timeout ERROR for: Leo - Genie in a Bottle
2RA32zCx4FMjDTaRx30MaK Timeout ERROR for: Leo - Narcotic
5k1sjAjRPMo1wgP5TZw9iV Timeout ERROR for: Leo - I'm Still Standing
1619OcytasePzhzXYbAhta Timeout ERROR for: Leo - Holding Out for a Hero
78iea8mzdT9GipMdl6XUE9 Timeout ERROR for: Leo - Hello
Lyrics: Downloading lyrics for: Lordi
Lyrics: Downloading lyrics for: New Years Day
Lyrics: Downloading lyrics for: Machine Head
Lyrics: Downloading lyrics for: Temperance
Lyrics: Downloading lyrics for: Varg
Lyrics: Downloading lyrics for: Amaranthe
Lyrics: Downloading lyrics for: Skillet
Lyrics: Downloading lyrics for: Three Days Grace
Lyrics: Downloading lyrics for: Billy Talent
Lyrics: Downloading lyrics for: Breaking Benjamin
Lyrics: Downloading lyrics for: Egypt Central
Lyrics: Downloading lyrics for: Pillar + Thousand Foot Krutch
Lyrics: Downloading lyrics for: Æther Realm
Lyrics: Downloading lyrics for: Arch Enemy
Lyrics: Downloading lyrics for: Amon Amarth
Lyrics: Downloading lyrics for: Before the Dawn
Lyrics: Downloading lyrics for: Bloodred Hourglass
7H86SS2IbmHKMZoPdoJiwO Timeout ERROR for: Bloodred Hourglass - Speed Superstar
4O7DArLKVNE5F7cvEN8LC0 Timeout ERROR for: Bloodred Hourglass - We Die Like Heroes
Lyrics: Downloading lyrics for: Dark Tranquility + Amorphis + Halo Effect
Lyrics: Downloading lyrics for: Eluveitie 
2KjQcSf8yA4UwvSnINbYCM Timeout ERROR for: Eluveitie - Isara
Lyrics: Downloading lyrics for: Ensiferum
Lyrics: Downloading lyrics for: Feuerschwanz i przyjaciele
7IfWPCto2sF1s2J7snFDjm Timeout ERROR for: Saltatio Mortis - Darkenguard
Lyrics: Downloading lyrics for: Hunter
2gdwIUL0Sx4rxNtrn2FKmY Timeout ERROR for: Hunter - INNI
4RfmYddwTE4NHjJ7hZ4Onz Timeout ERROR for: Hunter - kArmageDoom
2VW0yw2NnNYXyuuFbszyQ1 Timeout ERROR for: Hunter - Kostian
1hbDPvsdaz9F0Tj8pNkU8t Timeout ERROR for: Hunter - nieWesołowski
6rvIcwerELbcRitvO94b8q Timeout ERROR for: Hunter - PodNiebny
6pFLENTDSvfJpXjai2paq4 Timeout ERROR for: Hunter - RIPosta DrugoKlasisty
5c5SJvvHbQI7f7UXslc4Kx Timeout ERROR for: Hunter - RnR
5YyMavhCxewkitKWYAbSf0 Timeout ERROR for: Hunter - Rzeźnia nr 6
5QVvSIn8pGLManJOjZoZ47 Timeout ERROR for: Hunter - Śmierci Śmiech
0TMh1idYlzxY7n4HIQoiqa Timeout ERROR for: Hunter - TELI
2VQpzlREXHtaDz6KbdXNz4 Timeout ERROR for: Hunter - Trumian Show
4AVutrH3x5xkUbcg1hxTOr Timeout ERROR for: Hunter - NieMy
6b0xcHGhErqQJkOAmS16tx Timeout ERROR for: Hunter - Kim
59Dd27aFH1Ygj8BDZkx7F7 Timeout ERROR for: Hunter - NieBanalny
0YuDhODfH2md63nXR8BRzx Timeout ERROR for: Hunter - TELI
2ewHekgjWcrNJVh7XMiRGX Timeout ERROR for: Hunter - $$$$$$$$
7A6P0D5P7CHnmEOIusRdVe Timeout ERROR for: Hunter - Rzeźnicki
Lyrics: Downloading lyrics for: In Flames
7lGJ9MtfkyBATRsSb2vheh Timeout ERROR for: In Flames - Crawling Through Knives
Lyrics: Downloading lyrics for: Metallica
Lyrics: Downloading lyrics for: Nightwish
4ibdMbsWWZkbbo7lDAQKcW Timeout ERROR for: Nightwish - Lappi Pt III This Moment Is Eternity
7esrHEcGzCVJRzpiCWwp4s Timeout ERROR for: Nightwish - While Your Lips Are Still Red (Theme From "Lieksa!")
Lyrics: Downloading lyrics for: Orden Ogan
Lyrics: Downloading lyrics for: Powerwolf
Lyrics: Downloading lyrics for: Rammstein
Lyrics: Downloading lyrics for: Rise Against
3MMJ7uWF3uM2NU8KKdRImL Timeout ERROR for: Rise Against - Gethsemane (Bonus Track)
Lyrics: Downloading lyrics for: Sabaton
78WgOWGxsGmVp7iz2ed1r7 Timeout ERROR for: Sabaton - Dominium Maris Baltici
Lyrics: Downloading lyrics for: Soilwork a.k.a prace ziemne we śnie
Lyrics: Downloading lyrics for: System of a Dong
Lyrics: Downloading lyrics for: Nie AR
3ONCXq54rghDFjUu5bFZms Timeout ERROR for: Mahan Moin - Azizami
6IJmRILFspEP80BmmfAv2m Timeout ERROR for: K.Maro - Femme Like U
5cRwEnx1GlXlnrsqQqrEe6 Timeout ERROR for: Kalwi & Remi - I Need You
1q2LeVE240en0ZMT2PAfYn Timeout ERROR for: ZOË - Loin d’ici (Esc Version)
2KwhAuxkPrKtXquWmilxU5 Timeout ERROR for: t.A.T.u. - Nas Ne Dagoniat
2bCQHF9gdG5BNDVuEIEnNk Timeout ERROR for: Michael Jackson - Smooth Criminal
25U7raB3ZSszayTYClh4hF Timeout ERROR for: Israel Kamakawiwo'ole - Somewhere Over The Rainbow_What A Wonderful World
3SdTKo2uVsxFblQjpScoHy Timeout ERROR for: Ben E. King - Stand By Me
2B4RZ8wO2EeLUvq1fmCV80 Timeout ERROR for: Polina Gagarina - Кукушка
5r96TaQquRrlo3Ym3ZlSL2 Timeout ERROR for: "Weird Al" Yankovic - Amish Paradise (Parody of "Gangsta's Paradise" by Coolio)
48L7ABjcGXoPBIY14foOI4 Timeout ERROR for: The Sugar Sisters - It´s Raining Man
7djl4lZ6guZYAckDsfzrfs Timeout ERROR for: Asaf Avidan - Reckoning Song
3VZhMIDyRapcAHxVcSQZ0D Timeout ERROR for: Balkaneros Banditos - Lasciatemi Cantare
3QHZAr43uvIGpWfJAHhFX3 Timeout ERROR for: Kalwi & Remi - Explosion Ech poleczko
0UnMWAvEE3a1Dw17gRINDF Timeout ERROR for: Okean Elzy - Кавачай
4qOqCS98mgybLdkTf3REWQ Timeout ERROR for: Okean Elzy - Вставай
Lyrics: Downloading lyrics for: Nie AR gamma
5AKnUqag3WeX8KFo0L5HzJ Timeout ERROR for: The Yogscast - Diggy Diggy Hole
Lyrics: Downloading lyrics for: Specyficzne -B
3ZMkCOpMO9EFk5gpakn2Ss Timeout ERROR for: Koutev Bulgarian National Ensemble - Bre, Petrunko (Ho! Dear Petroona)
Local song             Timeout ERROR for:  - 4 Chords Song
Local song             Timeout ERROR for:  - Little Numbers
Local song             Timeout ERROR for:  - Nothing Else Matters
Local song             Timeout ERROR for:  - Bre Petrunko
4jliGKu2MzIx6HnTxnC2g3 Timeout ERROR for: GreenWood Folk Music Band - Ballada o Czarnej Śmierci
6PXjwUwuVQ6cEGMOvifLbI Timeout ERROR for: GreenWood Folk Music Band - Pieśń o Nimrodel
3z0HQkD2NZCcpO1KdJCWGO Timeout ERROR for: GreenWood Folk Music Band - Pieśń Słowana
5jO2EvGCg5FhVgcPnjfLPU Timeout ERROR for: Leśne Licho - Droga Ku Walhalli
11ufl3QIil4MGVGbZiwlHE Timeout ERROR for: Leśne Licho - Król Gór
7uShxBk6gPDegVj2MOTvFW Timeout ERROR for: Leśne Licho - Leśne Licho
1v6XIJcJ6OVHI16D2UoKbw Timeout ERROR for: Leśne Licho - Lothlorien
48VXwfkZ0RBWrcYNsodNWo Timeout ERROR for: Leśne Licho - Pani Jeziora
3nSRXiok4Jm65omyVicH2X Timeout ERROR for: Leśne Licho - Topielica
0aUf4t3YBi9IO3bjtATlU5 Timeout ERROR for: Leśne Licho - Zima Nadchodzi
7qae31q8sHEmGXZjr6oARa Timeout ERROR for: Kate Stone - Urban
0OHQCZ1WdKyW79fWR3I3aJ Timeout ERROR for: Leśne Licho - Leśne Dicho
3OinOMQbNqGS5HnJHNVLJm Timeout ERROR for: Leśne Licho - Norny
Local song             Timeout ERROR for:  - Apareka (Heavy Version)
4bBDlAD8WYQKUQDYT3gGHV Timeout ERROR for: Perly I Lotry - Song of the Vikings (My Mother Told Me)
7gi0L3jMTCbFZ2mDTURFvq Timeout ERROR for: Leśne Licho - Cztery Tysiące
5N80QN9aGHQO7hu6N8GnQp Timeout ERROR for: Leśne Licho - Żółte Kwiaty
5FKQzqwPvGfuYiD23Zusb6 Timeout ERROR for: Отава Ё - Сумецкая
685waqspwdxxTqlLS78cst Timeout ERROR for: Cronica - Woda
6JwVvB9oZLefPYZMgVH0g3 Timeout ERROR for: Alkonost - Русалка
5wVXPyB9AjTG1UHFrvYDWe Timeout ERROR for: Alkonost - Река
7nJt0YwbdH8ZRj83AVizin Timeout ERROR for: Kalevala - Нагрянули
3wKpkV7rFEHikGEwBUS48b Timeout ERROR for: Poeta Magica - Näktergalen
7ED5a6srDnZM0wJnoawdg9 Timeout ERROR for: Poeta Magica - Vårvindar friska
01V3ACdJaQeaudY1svNIci Timeout ERROR for: Pagan Forest - Hymn do Swaroga
02qLrUw2SUem1BtwXHyr29 Timeout ERROR for: Pagan Forest - Noc Kupały
Lyrics: Downloading lyrics for: Filmowe
2XpXDMRJiYLygz1rFQF6rc Timeout ERROR for: Waterflame - Glorious Morning
39zu6JGd6tvRNsqyK78RLk Timeout ERROR for: Nino Rota - Love Theme From "The Godfather"
52af0fmm91C8xAl5J0GHnk Timeout ERROR for: Jelonek - A Funeral Of A Provincial Vampire
Lyrics: Downloading lyrics for: Klasyczna. Jednak
5zhuWncJsBKrQ1HhmAKNAg Timeout ERROR for: Edvard Grieg - Peer Gynt, Op 23: IV In the Hall of the Mountain King
0awWxz7WRKdSpU9RVZ5PVK Timeout ERROR for: Edvard Grieg - Peer Gynt Suite No 1, Op 46: I Morning Mood
1ngFOi0A8RTKAcJF0O4WQo Timeout ERROR for: Johann Strauss I - Radetzky March
6nqHzwOdGIaX57U6VU6kMO Timeout ERROR for: Antonín Dvořák - Symphony No 9 in E Minor, Op 95, B 178 "From the New World": IV Allegro con fuoco
4E6wYDROf7VfMFjQs5W2i2 Timeout ERROR for: Erich Kunzel - Grieg: In the Hall of the Mountain King from Peer Gynt
Lyrics: Downloading lyrics for: Piraci z karaibów: Na krańcu świata
Lyrics: Downloading lyrics for: Wiedźmin 3  soundtrack
Lyrics: Downloading lyrics for: Lindsey Stirling
Lyrics: Downloading lyrics for: Red Hot Chilli Peppers
Lyrics: Downloading lyrics for: Two Steps from Hell
0Z7VY2YzJdYThjXcMrH9Gh Timeout ERROR for: Thomas Bergersen - Invincible
77PxRQpb4yP8QeVGPdT2zY Timeout ERROR for: Two Steps from Hell - Flight Of The Silverbird
Lyrics: Downloading lyrics for: Queen
Lyrics: Downloading lyrics for: Polskie klasyki
2J8DUkEF3t6ZEzhkpJRHGC Timeout ERROR for: Czarno-Czarni - Nogi
7anhr7bsbYVHbSEdWENM0X Timeout ERROR for: Elektryczne Gitary - Poznań
0IJEgHAXa6r4VySDZINLQ7 Timeout ERROR for: Elektryczne Gitary - To koniec
5rMYk4lloFwHEQWR4RACFS Timeout ERROR for: Elektryczne Gitary - Wszystko ch
062pHiX7lpKRDmFvmJor3o Timeout ERROR for: Farben Lehre - Spodnie z GS-u (The Butels)
0004Uy71ku11n3LMpuyf59 Timeout ERROR for: Golden Life - 241194
3Hz5u6nbvplCN6YQT7tXyo Timeout ERROR for: IRA - Ona Jest Ze Snu
1BtQAas64r2PqKxm6iqcqM Timeout ERROR for: Jan Borysewicz - Bo Tutaj Jest Jak Jest
6ayY2qVf58ApiMEkQONQxZ Timeout ERROR for: Kancelarya - Zabiorę Cię
12COJ7VGvO7DrXCwD1Oelc Timeout ERROR for: Krzysztof Krawczyk - Chciałem być (version 2018)
3h9rK608LlE4aiuJuyhS3L Timeout ERROR for: Kult - Ku wędrowniczki
1EhcOh0tJZoHqevUEG6qCf Timeout ERROR for: Perfect - Raz po raz (Straszą nas)
3wJsIEK55nKulA7o7qwDM6 Timeout ERROR for: T.Love - IV Liceum
4mT09JxALjAoUpMplfd8nQ Timeout ERROR for: T.Love - Nie nie nie
04mR3uCVUGbzuIU8fNmWgK Timeout ERROR for: Wilki - Nie stało się nic
704KYXe9VRivyY4aDJyPRF Timeout ERROR for: Yugoton - O nic nie pytaj (bo nie pytam ja)
Local song             Timeout ERROR for:  - Szlag mnie trafi   Jaromir Nohavica
Local song             Timeout ERROR for:  - Mn snad jebne
77ppwEoKPhNZx8h3Nskr7H Timeout ERROR for: Kayah - Śpij Kochanie Śpij
0FShKiSqAavttbtcmrisBr Timeout ERROR for: Varius Manx - Zamigotał świat
4eefkR0GYZZKOOqByPqEdn Timeout ERROR for: Andrzej Zaucha - Już taki jestem zimny drań
5NDclukFOMxbsrrSU6bN9u Timeout ERROR for: Jan Pietrzak - Pamiętajcie o ogrodach
Local song             Timeout ERROR for:  - Jest taki samotny dom
Local song             Timeout ERROR for:  - Jolka Jolka
41WEPImi2i95nTM2uNUTNo Timeout ERROR for: Pidżama Porno - Bułgarskie Centrum Hujo
5S115BRg8EghKqq1D0Wx9J Timeout ERROR for: Skaldowie - Wszystko mi mówi, że mnie ktoś pokochał
5QQUX3YCfIki8uNNCzDbRf Timeout ERROR for: Pin - Konstelacje
Lyrics: Downloading lyrics for: Jacek Kaczmarski
34F4LWc8OHyYfaKGNJh2Z3 Timeout ERROR for: Jacek Kaczmarski - Epitafium do Sowizdrzała
79Mx4PeTHfyfCbqUEcoepR Timeout ERROR for: Jacek Kaczmarski - Somosierra (Michałowski)
7zVJ0N0CaeuDUZL2xtFlWm Timeout ERROR for: Jacek Kaczmarski - Arka Noego (Arrasy wawelskie)
4b9TO05VbE110cKOu3WLPL Timeout ERROR for: Jacek Kaczmarski - Z chłopa
1rN20789Ji1QFvXfbEsqMc Timeout ERROR for: Jacek Kaczmarski - Między nami
2oJ3KGgmSyBSCQ3RwxhDPt Timeout ERROR for: Jacek Kaczmarski - Zegar
3zNAqDKah7urUwUYhRr6x3 Timeout ERROR for: Jacek Kaczmarski - Autoportret Witkacego (Witkacy)
Local song             Timeout ERROR for:  - Kniazia Jaremy Nawrocenie
Lyrics: Downloading lyrics for: Artur Andrus
53U51IuSSi06JlxkqZegpO Timeout ERROR for: Artur Andrus - Baba na psy – kynologiczny rock liryczny
4A4jsXN76qJlHhoONJBRQH Timeout ERROR for: Artur Andrus - Babka w Czapce
0r3YTML9867PQYkMTPtKp7 Timeout ERROR for: Artur Andrus - Ciocia w Gablocie
2kSo2hqZqiu0Fa9OONLVpQ Timeout ERROR for: Artur Andrus - Gość
5e9GeU163PsAnMyxn6LMkv Timeout ERROR for: Artur Andrus - Goście
6dd4pU0T3Sh4CAuFgYz5Nu Timeout ERROR for: Artur Andrus - Leszku Synu Kazimierza
1vjUDx7rMh7qrKUdkhlRjf Timeout ERROR for: Artur Andrus - Sokratesa 18
0pnZpCJKkGo5IQ18y2mjxr Timeout ERROR for: Artur Andrus - Sybciej Wyzej Mocniej
317dCvGC0NkOHgX4xEFLWB Timeout ERROR for: Artur Andrus - Trzeba Mieć Specjalną Skrzynie
1V5UW2lvH9XqHpNThZK1jh Timeout ERROR for: Artur Andrus - Warszawska ballada podwórzowa
5SNbDQszxupDItNaRDwCpz Timeout ERROR for: Artur Andrus - A jak Patrzy się z Przehyby
Lyrics: Downloading lyrics for: Enej
50uKKRajmNdwDDVIqpnm5X Timeout ERROR for: Enej - Dzisiaj Będę Ja
0XpSC3VUFXiFQ2SqmTfaWi Timeout ERROR for: Enej - Nie Chcę Spać
2RmzRyDsNawSfNva4MPQs6 Timeout ERROR for: Enej - Nierealny świat
6DR9T5ojZyLATdhCoqQ8pm Timeout ERROR for: Enej - Ostatni Raz
427DQiLxHm9sX5Q7ZAtDeN Timeout ERROR for: Enej - Paparanoja
58zxHsXy5BfLMgt5WlJ0rE Timeout ERROR for: Enej - Samoloty
33OROxUpy77wuZW2RB0P3s Timeout ERROR for: Enej - Tak i Treba
6Ug1izwOopIf3odDBKAcMZ Timeout ERROR for: Enej - Wychowała Nas Ulica
Lyrics: Downloading lyrics for: Koniec Świata
4ekjZr8rkJLm8heMliqbLj Timeout ERROR for: KONIEC ŚWIATA - Anioł i Diabeł
6ytQHsd7DBUSzIgu02J6l2 Timeout ERROR for: KONIEC ŚWIATA - Carmen
4yixJLsHe9eK1iYN0EiAHT Timeout ERROR for: KONIEC ŚWIATA - Czarny Port
4lNRbc4bEsHqEzpOC6AKkK Timeout ERROR for: KONIEC ŚWIATA - God Shave the Queen
4E4mRC47Sn3hLZxLARAB66 Timeout ERROR for: KONIEC ŚWIATA - Kury
3mzl3Gr7eiym2ZquPmgcET Timeout ERROR for: KONIEC ŚWIATA - Norweski
2wWn1Iu04rZfFeXKBF4HxW Timeout ERROR for: KONIEC ŚWIATA - Oligarchy
5kz1hav527hjyYeZcgKZeA Timeout ERROR for: KONIEC ŚWIATA - Puct wsiegda AC
Lyrics: Downloading lyrics for: Poparzeni Kawą Trzy
1I1TxZrE2Tbm9cWqaDRAeS Timeout ERROR for: Poparzeni Kawą Trzy - Banany
2PON3Ayv6ooOEOF2Z5J0LK Timeout ERROR for: Poparzeni Kawą Trzy - OAłem
52i5WaTemvDXAnW7AyA8Ir Timeout ERROR for: Poparzeni Kawą Trzy - Pięć Minut
0v9PFFRPThodK0Fy4B5mHK Timeout ERROR for: Poparzeni Kawą Trzy - Po prostu ze mną bądź
6sb2a0eEgTEdaNltneJ1uc Timeout ERROR for: Poparzeni Kawą Trzy - Z chujem po prośbie
0Ty6ilycL4OP4YxgOE4rNw Timeout ERROR for: Poparzeni Kawą Trzy - Zakochaj się we mnie
Lyrics: Downloading lyrics for: KSU
7sg8IJRb9nr2BApI53zcjT Timeout ERROR for: KSU - Ciemne ścieżki
5QS246dt0MGRSKTXyQ2xgR Timeout ERROR for: KSU - Dwa narody
1xLZd3Pg21sJ0809YYcRez Timeout ERROR for: KSU - Głupawica
2vAHKVgawfPReVFi20vGRr Timeout ERROR for: KSU - Kiedy naród umiera
75VkLvvT5WXgU66hOKim39 Timeout ERROR for: KSU - Niebo nie przyjmuje zwrotów
2ryVClb3hzOIgJaQwEXdEy Timeout ERROR for: KSU - Puzzle historii
2GAGUTjF8AMXGOJIs79Ydj Timeout ERROR for: KSU - Rozbity dzban
5bZP1mmF67khqoNlgX8YbV Timeout ERROR for: KSU - Teledemokracja
1EshULf7h5dYwL7tjCHKcB Timeout ERROR for: KSU - Ten, który nie nadejdzie?
4xd6y3KxVh7foHpSJ8sjER Timeout ERROR for: KSU - Tylko honor II
2Y3tmNoKA9vXOV64UlGyYk Timeout ERROR for: KSU - Wolne niewole
3AEYCRTb4gcGXUKSSpcaGm Timeout ERROR for: KSU - Wyrzuceni poza nawias
2XFK7xdZPQi9sN54pH0roW Timeout ERROR for: KSU - Życie przez RZ
Lyrics: Downloading lyrics for: Zjebane src
Local song             Timeout ERROR for:  - Everybody Knows Shit Fuck
Local song             Timeout ERROR for:  - Through the tables and memes
Local song             Timeout ERROR for:  - I Cały Czas Tłuklo Martin Garrix Vs Ewa Wozniak
Local song             Timeout ERROR for:  - Kurwo pizdo dziwko szmato !!
Local song             Timeout ERROR for:  - Morskie opowiesci
Local song             Timeout ERROR for:  - What's the big fucking deal
Local song             Timeout ERROR for:  - The Molecular Shape Of You
Local song             Timeout ERROR for:  - Down with the Dickness
6V22NX6XrCjdyqXYfobudw Timeout ERROR for: Dliaa-Life - The Coconut Song (Da Coconut Nut) cute silly comedy music)
Local song             Timeout ERROR for:  - Pedalska Duma
Local song             Timeout ERROR for:  - Proszę ksidza Bernardyna
6ZXcIz0s5kLevVogc7kJa3 Timeout ERROR for: Kelthuz - W Stronę Słońca
Local song             Timeout ERROR for:  - Chryzantemy Zociste
Local song             Timeout ERROR for:  - Piosenka O Kwiatach
Local song             Timeout ERROR for:  - I Touch Myself
Local song             Timeout ERROR for:  - Bee Why Oh Bee
7iFno3ORAVP2Co9O0iRh77 Timeout ERROR for: Jon Lajoie - 2 Girls 1 Cup Song
2hhFpD32iXUd4GaCu6T4wn Timeout ERROR for: Jon Lajoie - Everyday Normal Guy 2
3FoF0CZh1JJLJumig6KSWe Timeout ERROR for: Jon Lajoie - Show Me Your Genitals
3b7hr2Z3vQlmQV3d4mhfE3 Timeout ERROR for: Jon Lajoie - The Birthday Song
3dzcstTqXZSuZXYHvKQxsd Timeout ERROR for: Jon Lajoie - FK Everything
7dgNUOH7oVRXEdkAC6am10 Timeout ERROR for: Jon Lajoie - Wtf Collective
3kZWbHfbzHyXMvpn4U5zs5 Timeout ERROR for: Jon Lajoie - Radio Friendly Song
7i0dllD4ioCuQVOl4adwPD Timeout ERROR for: Twoyastara Of Death - Metal Jest Super
0CZl1qlxeahw0YR0jKFt3E Timeout ERROR for: Twoyastara Of Death - 666
4xlLmXgnKfpoAP8zK55LWh Timeout ERROR for: Twoyastara Of Death - 500+
1smzAOmNFoIHAFHpDldLM5 Timeout ERROR for: Twoyastara Of Death - Najtmer
7aMIXbQIwjMtwAgfujaC5D Timeout ERROR for: Twoyastara Of Death - Kleszcz
2uVZsoz5MrESW86pDoXX8e Timeout ERROR for: Tom Lehrer - Lobachevsky
0R4EcD2e5m9wsMmWVVbBOc Timeout ERROR for: Thomas Benjamin Wild Esq - I've No More Fucks To Give
5noZ07NUilzwUBFTobPL7Q Timeout ERROR for: Cjalis - Egzorcysta Boner
4EOkxdS9bRlpfzMFJy8qaV Timeout ERROR for: Bracia Figo Fagot - Pisarz miłości
468FzQ1mN7O2zErijkHUbZ Timeout ERROR for: Dr. ALBONista - Pe D
1x15gCWmgNYEPcd7BYphoc Timeout ERROR for: Kuki - Wakacyjne pierdolenie twojej starej na basenie
6qo80KwEISmqgusSeD2Gkx Timeout ERROR for: Kuki - Ciepłe dranie
4Ry6tbfq6uHKaIsUy2c63r Timeout ERROR for: Kuki - Kuki się powiesił
Lyrics: Downloading lyrics for: Leningrad
7IK24eVZDM0vyGcuDJhdk9 Timeout ERROR for: Leningrad - Цой
3gkzCCgXvurccD0oKVeq5A Timeout ERROR for: Leningrad - Нет и ещё раз нет
4DDntuOCO8sxaGplr94ItR Timeout ERROR for: Leningrad - Бомба
6FAQtGYosCaW7852ZQCMbY Timeout ERROR for: Leningrad - ВИП
2sni7tYyJxUE9M4xy9Y5wM Timeout ERROR for: Leningrad - Паганини
4pO6yA3MQymWifORnGycGR Timeout ERROR for: Leningrad - Обезьяна и орёл
0pkhpIu7d4cMqcsNzaP0Os Timeout ERROR for: Leningrad - Не Париж
1SJ0j8CM3pGDPZMdpsjluS Timeout ERROR for: Leningrad - Отпускная
75504LmVoyLByX9lfQgkyF Timeout ERROR for: Leningrad - Ueban
6gJDAKfkuiv9IvmIu6ALjH Timeout ERROR for: Leningrad - Кабриолет
1jXRj9S7Hgtoerr8PtxOls Timeout ERROR for: Leningrad - Кольщик
2Wva6d67Ng3wyEL6axuFnz Timeout ERROR for: Leningrad - Вояж
5qVRZZAIoCXGjwycIWykTj Timeout ERROR for: Leningrad - Сиськи
0WXGwGwgJEuxeQtbdQ4NHh Timeout ERROR for: Leningrad - Хуямба
0M9wifOlDSgzAnkPAPGFF6 Timeout ERROR for: Leningrad - Машина
768W2c6LOOFbsh9AftweTZ Timeout ERROR for: Leningrad - Экспонат
28fKbsqFR8AO4wWuiJ5UvJ Timeout ERROR for: Leningrad - Патриотка
2WZCG07tPX9OurEx8FMFhJ Timeout ERROR for: Leningrad - Дорожная
6dwe06NPTqwE989GQ2LE89 Timeout ERROR for: Leningrad - ЗОЖ
2wfGhuGSSIz2ug1d5ZyJNw Timeout ERROR for: Leningrad - В Питере
2WgajK0hICCgX67ENl29aL Timeout ERROR for: Leningrad - ЧПХ
15dL2hB4noH7cmJRHO3jTV Timeout ERROR for: Leningrad - Скоро в школу
4lkGtdZoPV18f2tGzIoWaN Timeout ERROR for: Leningrad - Турбобой
Lyrics: Downloading lyrics for: Łydka
7cKPzMCsZbMXfn9uEfxYYl Timeout ERROR for: Łydka Grubasa - Żyd
4nI0u11fDogtEflt9aios9 Timeout ERROR for: Łydka Grubasa - Wydój mnie
1P8JAunFrANO6yOQnmqlhq Timeout ERROR for: Łydka Grubasa - Była
2QHPUDDzKOjpkXAtJgQBB5 Timeout ERROR for: Łydka Grubasa - Komunikacja
4gNPJR3YydblCdZtOJ20KX Timeout ERROR for: Łydka Grubasa - Bilet
0CrRo2Hx0g8l5pzGJ7L1aP Timeout ERROR for: Łydka Grubasa - Tawerna
2rHIygmYkIjl8khUbEA7Mc Timeout ERROR for: Łydka Grubasa - Wędzarnia
3ZIhNm9YQNcDbbbJF8IDcN Timeout ERROR for: Łydka Grubasa - Moja fujara
2aqNswE0yLW74Hwa3qgYTd Timeout ERROR for: Łydka Grubasa - Świnia
314hE5vipXlnRKCmXvX0Nm Timeout ERROR for: Łydka Grubasa - Romańsky
1H2OPEdQimMtVJImgUtf52 Timeout ERROR for: Łydka Grubasa - Gdzie jest krzyż?
3xSX4zJLValiq8eNZKTKjy Timeout ERROR for: Łydka Grubasa - Rapapara
4f3mqlv1r3lvRPCDgyvwfa Timeout ERROR for: Łydka Grubasa - Walec
075cVTmbY2lwMTdBhctljd Timeout ERROR for: Łydka Grubasa - Ona mówi
Lyrics: Downloading lyrics for: Nocny Kochanek
7lueZ18g23I1NuJZGyv9vE Timeout ERROR for: Nocny Kochanek - Karate
6tuyCjxn9bueU3caqCLWVa Timeout ERROR for: Nocny Kochanek - To właśnie Hewi Metal
Lyrics: Downloading lyrics for: Gospel
Local song             Timeout ERROR for:  - Psychowizja
Local song             Timeout ERROR for:  - Chcialbym Być
Local song             Timeout ERROR for:  - Helikopter
Local song             Timeout ERROR for:  - Jem Papke
Local song             Timeout ERROR for:  - Norweski Ogrodnik
Local song             Timeout ERROR for:  - W Malej Piwnicy
Lyrics: Downloading lyrics for: Radio Fapok
72iyzWAM2158Kn8KD1ZImq Timeout ERROR for: RADIO TAPOK - The Pretender
5OIMv20wMdZrc0w1E3AE2p Timeout ERROR for: RADIO TAPOK - Livin' on a Prayer
3jdMELdnRxapYdsRtRS4YD Timeout ERROR for: RADIO TAPOK - Personal Jesus
3nNnMXCYuZJkEnW0HmokSg Timeout ERROR for: RADIO TAPOK - Attero Dominatus
2MhLsBY8bfLyJJdbmVRDdl Timeout ERROR for: RADIO TAPOK - Deutschland
5FdGmwaUeGgmckaUVUa5f5 Timeout ERROR for: RADIO TAPOK - Black Betty
4pUSsf6fifdqVBduUUms3T Timeout ERROR for: RADIO TAPOK - What I've Done
1O6ZwR7LLBji5AjPcbhCaG Timeout ERROR for: RADIO TAPOK - Never Too Late
4imQR9snlGpXFBh7xmOy6G Timeout ERROR for: RADIO TAPOK - Ich Will
Lyrics: Downloading lyrics for: Butchered covers
2FwgMY0KONcvCd5PfQe7Ui Timeout ERROR for: Mandowar - Fear Of The Dark
26zNXi56RZDyihsD0GgiHN Timeout ERROR for: Mandowar - (Ghost) Riders In The Sky
50hAZ9hZxAcjoANHzkF7Cm Timeout ERROR for: Van Canto - Rebellion 
Lyrics: Downloading lyrics for: AC/DC
Lyrics: Downloading lyrics for: Guns N' Roses
2N2yrmodOnVF10mKvItC9P Timeout ERROR for: Guns N' Roses - Don't Cry (Original)
Lyrics: Downloading lyrics for: The Offspring
Lyrics: Downloading lyrics for: The Rasmus
Lyrics: Downloading lyrics for: Scorpions
Lyrics: Downloading lyrics for: Slash
