Adding songs form playlist:     ARhmdma
Local track            Lorna Shore - Of the Abyss (Cut) from ARhmdma skipped.
Adding songs form playlist:     AR gud
Local track            Warriors Of The World from AR gud skipped.
Adding songs form playlist:     Bullshit metal
Adding songs form playlist:     Other heavy stuff
Adding songs form playlist:     Rock
Adding songs form playlist:     Folk?
Adding songs form playlist:     Folk metal
Adding songs form playlist:     Thrash metal
Adding songs form playlist:     Sympohonic metal
Adding songs form playlist:     NFS soundtrack
Local track            Killradio - Scavenger from NFS soundtrack skipped.
Local track            Paul Linford and Chris Vrenna - The Mann from NFS soundtrack skipped.
Adding songs form playlist:     Alestorm
Adding songs form playlist:     Bad Omens
Adding songs form playlist:     Beast in Black
Adding songs form playlist:     Beyond the Black
Adding songs form playlist:     Brothers of Metal
Adding songs form playlist:     Bloodbound
Adding songs form playlist:     Bullet for My Valentine
Adding songs form playlist:     Dalriada
Adding songs form playlist:     Disturbed
Adding songs form playlist:     Dope
Adding songs form playlist:     Doomrow
Adding songs form playlist:     Equilibrium
Adding songs form playlist:     Five Finger Death Punch
Adding songs form playlist:     Gamma Ray
Adding songs form playlist:     Godsmack
Adding songs form playlist:     Iron Maiden
Adding songs form playlist:     Kamelot
Adding songs form playlist:     Korpiklaani
Adding songs form playlist:     Linkin Park
Adding songs form playlist:     Leo Moracchioli
Adding songs form playlist:     Lordi
Adding songs form playlist:     New Years Day
Adding songs form playlist:     Machine Head
Adding songs form playlist:     Temperance
Adding songs form playlist:     Varg
Adding songs form playlist:     Amaranthe
Adding songs form playlist:     Skillet
Adding songs form playlist:     Three Days Grace
Adding songs form playlist:     Billy Talent
Adding songs form playlist:     Breaking Benjamin
Adding songs form playlist:     Egypt Central
Adding songs form playlist:     Pillar + Thousand Foot Krutch
Adding songs form playlist:     Æther Realm
Adding songs form playlist:     Arch Enemy
Adding songs form playlist:     Amon Amarth
Adding songs form playlist:     Before the Dawn
Adding songs form playlist:     Bloodred Hourglass
Adding songs form playlist:     Dark Tranquility + Amorphis + Halo Effect
Adding songs form playlist:     Eluveitie 
Adding songs form playlist:     Ensiferum
Adding songs form playlist:     Feuerschwanz i przyjaciele
Adding songs form playlist:     Hunter
Adding songs form playlist:     In Flames
Adding songs form playlist:     Metallica
Adding songs form playlist:     Nightwish
Adding songs form playlist:     Orden Ogan
Adding songs form playlist:     Powerwolf
Adding songs form playlist:     Rammstein
Adding songs form playlist:     Rise Against
Adding songs form playlist:     Sabaton
Adding songs form playlist:     Soilwork a.k.a prace ziemne we śnie
Adding songs form playlist:     System of a Dong
Adding songs form playlist:     Nie AR
Adding songs form playlist:     Nie AR gamma
Adding songs form playlist:     Specyficzne -B
Local track            4 Chords Song from Specyficzne -B skipped.
Local track            Little Numbers from Specyficzne -B skipped.
Local track            Nothing Else Matters from Specyficzne -B skipped.
Local track            Bre Petrunko from Specyficzne -B skipped.
Local track            Apareka (Heavy Version) from Specyficzne -B skipped.
Adding songs form playlist:     Filmowe
Adding songs form playlist:     Klasyczna. Jednak
Adding songs form playlist:     Piraci z karaibów: Na krańcu świata
Adding songs form playlist:     Wiedźmin 3  soundtrack
Adding songs form playlist:     Lindsey Stirling
Adding songs form playlist:     Red Hot Chilli Peppers
Adding songs form playlist:     Two Steps from Hell
Adding songs form playlist:     Queen
Adding songs form playlist:     Polskie klasyki
Local track            Szlag mnie trafi   Jaromir Nohavica from Polskie klasyki skipped.
Local track            Mn snad jebne from Polskie klasyki skipped.
Local track            Jest taki samotny dom from Polskie klasyki skipped.
Local track            Jolka Jolka from Polskie klasyki skipped.
Adding songs form playlist:     Jacek Kaczmarski
Local track            Kniazia Jaremy Nawrocenie from Jacek Kaczmarski skipped.
Adding songs form playlist:     Artur Andrus
Adding songs form playlist:     Enej
Adding songs form playlist:     Koniec Świata
Adding songs form playlist:     Poparzeni Kawą Trzy
Adding songs form playlist:     KSU
Adding songs form playlist:     Zjebane src
Local track            Everybody Knows Shit Fuck from Zjebane src skipped.
Local track            Through the tables and memes from Zjebane src skipped.
Local track            I Cały Czas Tłuklo Martin Garrix Vs Ewa Wozniak from Zjebane src skipped.
Local track            Kurwo pizdo dziwko szmato !! from Zjebane src skipped.
Local track            Morskie opowiesci from Zjebane src skipped.
Local track            What's the big fucking deal from Zjebane src skipped.
Local track            The Molecular Shape Of You from Zjebane src skipped.
Local track            Down with the Dickness from Zjebane src skipped.
Local track            Pedalska Duma from Zjebane src skipped.
Local track            Proszę ksidza Bernardyna from Zjebane src skipped.
Local track            Chryzantemy Zociste from Zjebane src skipped.
Local track            Piosenka O Kwiatach from Zjebane src skipped.
Local track            I Touch Myself from Zjebane src skipped.
Local track            Bee Why Oh Bee from Zjebane src skipped.
Adding songs form playlist:     Leningrad
Adding songs form playlist:     Łydka
Adding songs form playlist:     Nocny Kochanek
Adding songs form playlist:     Gospel
Local track            Psychowizja from Gospel skipped.
Local track            Chcialbym Być from Gospel skipped.
Local track            Helikopter from Gospel skipped.
Local track            Jem Papke from Gospel skipped.
Local track            Norweski Ogrodnik from Gospel skipped.
Local track            W Malej Piwnicy from Gospel skipped.
Adding songs form playlist:     Radio Fapok
Adding songs form playlist:     Butchered covers
Adding songs form playlist:     AC/DC
Adding songs form playlist:     Guns N' Roses
Adding songs form playlist:     The Offspring
Adding songs form playlist:     The Rasmus
Adding songs form playlist:     Scorpions
Adding songs form playlist:     Slash
