0k5DCITU0LEZZkgul7Ey5M	Top of the top μ                   	Tags:	['M'].
6cmx5OqOJjbRrZjr6HzkF1	Test playlist                      	Tags:	['M'].
4TdFuiUDEWm5bRy9nzkz5g	Top of the top ζ                   	Tags:	['M'].
2ebq47TB8iajb7uB61x29H	tak                                	Tags:	['M'].
6GZTtVOg1dyKql649pWh1V	Top of the top ξ                   	Tags:	['M'].
2U6prgez7lvIg8XTdWAV0g	Current ipsum dolor sit amet       	Tags:	['M'].
6UTHiiydwvjK1NZ7mZ7u7O	Allar ressurected and errected     	Tags:	['M'].
0AwOdQZaWhm5uXrE507LHg	Top of the top Δ                   	Tags:	['M'].
2mKpMUGBhKCjq77gyjugE7	Grill                              	Tags:	['M'].
5OTAUUzEG5B9iMAsLD6W4X	Allamham                           	Tags:	['M'].
0r7wjUxEpKznRpsLLonaKo	Allmet                             	Tags:	['M'].
0XOBhY2uCTrZ8ZdPzW3h60	ARhmdma                            	Tags:	['S', 'MD'].
2jMtDuGgOhsT0gvWuH1xod	AR gud                             	Tags:	['S'].
7dWZnNQRT5mTdyTjyXXiGU	Bullshit metal                     	Tags:	['S'].
1UAxu7LiUyqd9UP8W5MvJ8	Other heavy stuff                  	Tags:	['S', 'VH'].
7rcyD4pGmhjYVMrUn8SGqk	Rock                               	Tags:	['S'].
4ziYjT4KkWxWwWcAjVnmaR	Folk?                              	Tags:	['S'].
2T38fmFx7OMT7RlOvDzuGk	Folk metal                         	Tags:	['S'].
1rrmuBvc1O6cOwlOj92pcZ	Thrash metal                       	Tags:	['S'].
3MnO6O3kmMCfMBatXwmuDB	Sympohonic metal                   	Tags:	['S'].
0V6EabUkAlPY7WmRe7cHD5	NFS soundtrack                     	Tags:	['S'].
48Q7eCiL9F1LYWH8rsPQUL	Pagan grill?                       	Tags:	['Pom'].
5AmpFO4FOq97BCcXlXub89	Pomidor luz na wagę                	Tags:	['Pom'].
0chMwBP5d1FOQtmDhm6ng9	Pomidorek penetrator               	Tags:	['Pom'].
0o7L2kKEcrS5fEKldyNy1s	Mechaniczny pomidorek              	Tags:	['Pom'].
2dvh8op673eYbCI7Y9QG86	Eluveitie                          	Tags:	['Pom'].
5PHj6OITAkxw7iqVTc3lFZ	Alestorm                           	Tags:	['S'].
2BrT0fB6gcShK8cAd72xt5	Bad Omens                          	Tags:	['S'].
0y0me2iEGuGHl8CrnHNh9S	Beast in Black                     	Tags:	['S'].
59vsmDoNiIfzqjgejaMb36	Beyond the Black                   	Tags:	['S'].
7nq4btvXJ1hZv73RYqXj4M	Brothers of Metal                  	Tags:	['S'].
41spGot6ThOSTyBXinOKwS	Bloodbound                         	Tags:	['S'].
6vcTfLn3RkIr0QOdZcE20I	Bullet for My Valentine            	Tags:	['S', 'VH'].
1uFn82suuxCSWyyZ7eIvnI	Dalriada                           	Tags:	['S'].
70NAfHktPgOJCior0wKIvj	Disturbed                          	Tags:	['S'].
4ARLluuW8JNTxoZj7d5i0y	Dope                               	Tags:	['S'].
5yl4fPypHKD99Uouje8AXG	Doomrow                            	Tags:	['S', 'VH'].
2cnRiBOhvDtISFqtWuy4T7	Equilibrium                        	Tags:	['S', 'VH'].
2O67807yo9DetaORaKpCsw	Five Finger Death Punch            	Tags:	['S'].
5DNunlnun8TliFbbGV93CK	Gamma Ray                          	Tags:	['S'].
1SjTTdwbmJ8Bquo4KMyzHj	Godsmack                           	Tags:	['S'].
4janrIcPnqsjLKr0DA7Hpv	Iron Maiden                        	Tags:	['S'].
0Z93VdN6z8pSVNDa0LCeuN	Kamelot                            	Tags:	['S'].
3BpPr7bbxuSccKEMWgp3mE	Korpiklaani                        	Tags:	['S'].
6sY5e2uHV1o9kVJoeA6alQ	Linkin Park                        	Tags:	['S'].
2RRozXSWIjotG7qbQzyIXg	Leo Moracchioli                    	Tags:	['S'].
5IrZ7VlRW00rZEqvpoCQyn	Lordi                              	Tags:	['S'].
6yJw9weWYJjGaqHK4CTPox	New Years Day                      	Tags:	['S'].
3Uw50F6T72RzcMcXu3kY81	Machine Head                       	Tags:	['S', 'VH'].
4jUUi47AlCZMHbN27PHA0g	Temperance                         	Tags:	['S'].
03EP8vhdyyNvpxIjTKrpdM	Varg                               	Tags:	['S', 'MD'].
31n7LPytsrkgtNmRnh6Qlg	Amaranthe                          	Tags:	['S'].
6jsF9VfeJyUDyLYKJtWO6k	Skillet                            	Tags:	['S'].
4OcTkBj8NxqNVxbf0MAubQ	Three Days Grace                   	Tags:	['S'].
5j0YfThKC6pSVibhbkDJBq	Billy Talent                       	Tags:	['S'].
0QG7iNlCDz9l35J8ZbTseM	Breaking Benjamin                  	Tags:	['S'].
5bZObZR2bh6uwkOG8GX6KM	Egypt Central                      	Tags:	['S'].
12GIjB5Jzubwq1KC0wjo3a	Pillar + Thousand Foot Krutch      	Tags:	['S'].
0bP4GzgEYpgQgCtDAiyRfj	Æther Realm                        	Tags:	['S', 'VH'].
6qdiKPyqI6xgQVfFtvtXsl	Arch Enemy                         	Tags:	['S', 'MD'].
25WWAyjFWGmTcMm7o9jNkF	Amon Amarth                        	Tags:	['S', 'MD'].
7D1RZgIof32M8H7QBbfKx1	Before the Dawn                    	Tags:	['S', 'MD'].
5Ui2MoNnuoG8hSsOYWv4Yx	Bloodred Hourglass                 	Tags:	['S', 'MD'].
10cAi4U6BqvZ1hDAPLOpv0	Dark Tranquility + Amorphis + Halo 	Tags:	['S', 'MD'].
3R0V8YOD1GJ4rY9RZYB4iD	Eluveitie                          	Tags:	['S', 'VH'].
4XUomnjc6s2tukLsFE2Pvm	Ensiferum                          	Tags:	['S'].
5EaK3Ud0rM0ZGuZQWojG7B	Feuerschwanz i przyjaciele         	Tags:	['S'].
2Bi4zng1wLCaXSCy4gYbvB	Hunter                             	Tags:	['S'].
1BrYL8SnAkxA25mle0Endo	In Flames                          	Tags:	['S', 'MD'].
76en5j4hR0bBBNhXfqAaWW	Metallica                          	Tags:	['S'].
4ULTsisKmYFBKPeSmhiSiU	Nightwish                          	Tags:	['S'].
3De0CwU95bHtJWhm8AOBoW	Orden Ogan                         	Tags:	['S'].
2NFfJkWZDV7EIvsgNTwUFu	Powerwolf                          	Tags:	['S'].
38Aj0TMFfq3XJFvPq78Xyb	Rammstein                          	Tags:	['S'].
2pFZDsJ7SnKJ3Blfy6MHj4	Rise Against                       	Tags:	['S'].
2snhgQXDpQQ69t9VlJHASx	Sabaton                            	Tags:	['S'].
2tNg1vPhLRhi8UMdQOQrkv	Soilwork a.k.a prace ziemne we śnie	Tags:	['S', 'MD'].
0SVP9htQP4iSJUA3sDaOfJ	System of a Dong                   	Tags:	['S'].
3wtt2zgrBTOO9iRlWYwvFn	Nie AR                             	Tags:	['S', 'nieAR'].
1CPCV4DhLsyFsv6MU1mQXM	Nie AR gamma                       	Tags:	['S', 'nieAR'].
7lkL0wHWwIOzt0lvtVUYF3	Specyficzne -B                     	Tags:	['S', 'nieAR', 'BUG'].
54HHVAXAn6r1Xh37982vbP	Filmowe                            	Tags:	['S', 'nieAR'].
07bknJYojYdGAjZHI1f6P1	Klasyczna. Jednak                  	Tags:	['S', 'nieAR'].
390j4gErpM0OaSu3A9nTk3	Piraci z karaibów: Na krańcu świata	Tags:	['S', 'nieAR'].
5zQMWwy2PwI7qGIJxUkRnl	Wiedźmin 3  soundtrack             	Tags:	['S', 'nieAR'].
61VlYsDWoZjuWXLBsAha88	Lindsey Stirling                   	Tags:	['S', 'nieAR'].
2HIBQeduJSaXlaA1R1dwZU	Red Hot Chilli Peppers             	Tags:	['S', 'nieAR'].
6r8B8gkhM1QyzHcn4tHcK4	Two Steps from Hell                	Tags:	['S', 'nieAR'].
38P207lfyR3R6vr9U2unCP	Queen                              	Tags:	['S'].
7MWE8HgYpzcyLPrXYvKrF2	Polskie klasyki                    	Tags:	['S', 'PL'].
42FiVbBVvQ1gpReyyWqO5G	Jacek Kaczmarski                   	Tags:	['S', 'PL'].
3tgahP3FaPvXVgpEvLjkcq	Artur Andrus                       	Tags:	['S', 'PL'].
5tYYFsY0JyAuMFT895lUkd	Enej                               	Tags:	['S', 'PL'].
5os5JMNF83IbDU7FpSqefG	Koniec Świata                      	Tags:	['S', 'PL'].
5I0vedfjnyrZf9K86A3qFC	Poparzeni Kawą Trzy                	Tags:	['S', 'PL'].
3jiawd19jON33KOJempUWm	KSU                                	Tags:	['S', 'PL'].
2TBgpwmYJjJw905nI7coWP	Pojebańce                          	Tags:	['M'].
4JbHugn35G7AGXxes0Oftt	Zjebane src                        	Tags:	['S', 'D'].
7Ff4duQBxWQ8dxnYoc0lvN	Leningrad                          	Tags:	['S', 'D'].
5Ucu3y8VWVTEuuQmkmyeMB	Łydka                              	Tags:	['S', 'D'].
7kjXbUBQEiaFGWesuO3B3z	Nocny Kochanek                     	Tags:	['S', 'D'].
0r4PGFqsMaMDXWXxNT605a	Gospel                             	Tags:	['S', 'D'].
0XWUtpd9KlLROiy9SMNYdK	Radio Fapok                        	Tags:	['S', 'D'].
6mpgxgA4i9eZeDbspk8g2d	Butchered covers                   	Tags:	['S', 'D'].
6xuwDZC99QbJCzFdkEU3Bo	AC/DC                              	Tags:	['S'].
6EXZawBv43LkUr1p5pxXM8	Guns N' Roses                      	Tags:	['S'].
5d9Qk1VDrnCOeYCiQ2fWVN	Kids in the Way                    	Tags:	['P'].
1xoGzsyrycpUqAUjUq9BOU	Halestorm                          	Tags:	['P'].
6XouIIK9Him1SUbYYouklV	The Offspring                      	Tags:	['S'].
2mcO0UMObSls6FbGCe9LkN	The Rasmus                         	Tags:	['S'].
7KzFjtw6dSJ3x3mfjyZZEh	Scorpions                          	Tags:	['S'].
4gxUVPxjLFsgRtW4ydnrgS	Slash                              	Tags:	['S'].
0SKemUfLyU9azcmGd7SiR9	Within Temptation                  	Tags:	['P'].
0TEiZSFezTeAS4Vlj0f6a9	AR gud -l                          	Tags:	['Backup'].
7oiibrVILxpeQo2GCKwg5x	Top of the top ¬AR                 	Tags:	['Backup'].
7jSWRniz9IopXH03P4Ov6n	Top of the top Γ                   	Tags:	['Backup'].
4oi5RWo3xHrGFpw51sYFYg	Ar przedawnione                    	Tags:	['P'].
0g6fQStwwSSxScrgrsvIF8	Nie AR scalona                     	Tags:	['P', 'nieAR'].
2H5mVLzflh27nIabV0AWiv	Nie AR stara znaleziona i gówno pop	Tags:	['P'].
0LcTwT8QNyWti4MU7Gy2An	Macarena every day                 	Tags:	['P'].
5ILM7FGO30AanFwmfuLXVB	Wszyściuteńko                      	Tags:	['M'].
0aBe4G9czLTO1ktKq34hUV	Forza 5 Pulse Upgradede            	Tags:	['Backup'].
09D3sL411vO4L4vhtwfyXP	Forza 5 XS Updgraded               	Tags:	['Backup'].
0ORLeDXzEIqzQJNOOjJdLi	Pomidor bez nazwy i honoru         	Tags:	['Pom'].
